A51 MACRO ASSEMBLER  P3                                                                   08/02/2018 09:30:03 PAGE     1


MACRO ASSEMBLER A51 V8.02b
OBJECT MODULE PLACED IN .\P3.obj
ASSEMBLER INVOKED BY: C:\Keil_v5\C51\BIN\A51.EXE D:\160929212 and 160929206\P3.asm SET(SMALL) DEBUG PRINT(.\P3.lst) OBJE
                      CT(.\P3.obj) EP

LOC  OBJ            LINE     SOURCE

0000 7438              1     MOV A, #38H
0002 75F025            2     MOV B, #25H
0005 25F0              3     ADD A, B
0007 D4                4     DA A
0008 80FE              5     XYZ: SJMP XYZ
*** WARNING #A41 IN 5 (D:\160929212 and 160929206\P3.asm, LINE 5): MISSING 'END' STATEMENT
A51 MACRO ASSEMBLER  P3                                                                   08/02/2018 09:30:03 PAGE     2

SYMBOL TABLE LISTING
------ ----- -------


N A M E             T Y P E  V A L U E   ATTRIBUTES

B. . . . . . . . .  D ADDR   00F0H   A   
XYZ. . . . . . . .  C ADDR   0008H   A   


REGISTER BANK(S) USED: 0 


ASSEMBLY COMPLETE.  1 WARNING(S), 0 ERROR(S)
