A51 MACRO ASSEMBLER  P4                                                                   08/02/2018 09:30:03 PAGE     1


MACRO ASSEMBLER A51 V8.02b
OBJECT MODULE PLACED IN .\P4.obj
ASSEMBLER INVOKED BY: C:\Keil_v5\C51\BIN\A51.EXE D:\160929212 and 160929206\P4.asm SET(SMALL) DEBUG PRINT(.\P4.lst) OBJE
                      CT(.\P4.obj) EP

LOC  OBJ            LINE     SOURCE

0000 C3                1     CLR C
0001 743F              2     MOV A, #3FH
0003 7B23              3     MOV R3, #23H
0005 2B                4     ADD A, R3
0006 7A28              5     MOV R2, #28H
0008 9A                6     SUBB A, R2
0009 80FE              7     STOP: SJMP STOP
*** WARNING #A41 IN 7 (D:\160929212 and 160929206\P4.asm, LINE 7): MISSING 'END' STATEMENT
A51 MACRO ASSEMBLER  P4                                                                   08/02/2018 09:30:03 PAGE     2

SYMBOL TABLE LISTING
------ ----- -------


N A M E             T Y P E  V A L U E   ATTRIBUTES

STOP . . . . . . .  C ADDR   0009H   A   


REGISTER BANK(S) USED: 0 


ASSEMBLY COMPLETE.  1 WARNING(S), 0 ERROR(S)
